<?xml version="1.0" encoding="UTF-8"?>
<!-- Generated by org.testng.reporters.JUnitReportReporter -->
<testsuite hostname="iOSQAs-MacBook-Pro.local" name="com.appium.maas.secureMailScripts.ComposeMail" tests="1" failures="0" timestamp="22 Oct 2017 07:52:59 GMT" time="69.333" errors="0">
  <testcase name="verifySendMail" time="69.333" classname="com.appium.maas.secureMailScripts.ComposeMail"/>
</testsuite> <!-- com.appium.maas.secureMailScripts.ComposeMail -->
