<?xml version="1.0" encoding="UTF-8"?>
<!-- Generated by org.testng.reporters.JUnitReportReporter -->
<testsuite hostname="iOSQAs-MacBook-Pro.local" name="com.appium.maas.secureMailScripts.MultiselectMails" tests="2" failures="0" timestamp="22 Oct 2017 07:53:04 GMT" time="99.939" errors="0">
  <testcase name="multiselectDelete" time="57.214" classname="com.appium.maas.secureMailScripts.MultiselectMails"/>
  <testcase name="multiselectCancel" time="42.725" classname="com.appium.maas.secureMailScripts.MultiselectMails"/>
</testsuite> <!-- com.appium.maas.secureMailScripts.MultiselectMails -->
