<?xml version="1.0" encoding="UTF-8"?>
<!-- Generated by org.testng.reporters.JUnitReportReporter -->
<testsuite hostname="iOSQAs-MacBook-Pro.local" name="com.appium.maas.util.SendMail" tests="1" failures="0" timestamp="22 Oct 2017 14:19:17 GMT" time="18.140" errors="0">
  <testcase name="sendEmail" time="18.140" classname="com.appium.maas.util.SendMail"/>
</testsuite> <!-- com.appium.maas.util.SendMail -->
